<?xml version="1.0" encoding="UTF-8"?>
<!-- Generated by org.testng.reporters.JUnitReportReporter -->
<testsuite skipped="0" hostname="KeshavPC" name="mainprogram.DragandDropDemo" tests="1" failures="0" timestamp="03 Feb 2018 11:53:49 GMT" time="29.004" errors="0">
  <testcase name="Testdragdrop" time="29.004" classname="mainprogram.DragandDropDemo"/>
</testsuite> <!-- mainprogram.DragandDropDemo -->
