<?xml version="1.0" encoding="UTF-8"?>
<!-- Generated by org.testng.reporters.JUnitReportReporter -->
<testsuite skipped="0" hostname="KeshavPC" name="mainprogram.Baseclass" tests="1" failures="0" timestamp="28 Jan 2018 14:17:48 GMT" time="23.192" errors="0">
  <testcase name="testlaunch" time="23.192" classname="mainprogram.Baseclass"/>
</testsuite> <!-- mainprogram.Baseclass -->
