<?xml version="1.0" encoding="UTF-8"?>
<!-- Generated by org.testng.reporters.JUnitReportReporter -->
<testsuite skipped="0" hostname="KeshavPC" name="mainprogram.Mainclass" tests="1" failures="0" timestamp="28 Jan 2018 16:39:09 GMT" time="28.045" errors="0">
  <testcase name="maintest" time="28.045" classname="mainprogram.Mainclass"/>
</testsuite> <!-- mainprogram.Mainclass -->
