<?xml version="1.0" encoding="UTF-8"?>
<!-- Generated by org.testng.reporters.JUnitReportReporter -->
<testsuite skipped="0" hostname="KeshavPC" name="mainprogram.ScrollDemo" tests="1" failures="0" timestamp="31 Jan 2018 17:59:54 GMT" time="30.341" errors="0">
  <testcase name="Testscroll" time="30.341" classname="mainprogram.ScrollDemo"/>
</testsuite> <!-- mainprogram.ScrollDemo -->
