<?xml version="1.0" encoding="UTF-8"?>
<!-- Generated by org.testng.reporters.JUnitReportReporter -->
<testsuite skipped="0" hostname="KeshavPC" name="mainprogram.PaytmTest" tests="1" failures="0" timestamp="03 Feb 2018 11:44:25 GMT" time="17.697" errors="0">
  <testcase name="paytmtestmethod" time="17.697" classname="mainprogram.PaytmTest"/>
</testsuite> <!-- mainprogram.PaytmTest -->
