<?xml version="1.0" encoding="UTF-8"?>
<!-- Generated by org.testng.reporters.JUnitReportReporter -->
<testsuite skipped="0" hostname="KeshavPC" name="com.mobilchrome.MobileChromeTest2" tests="1" failures="0" timestamp="08 Feb 2018 16:57:00 GMT" time="47.462" errors="0">
  <testcase name="mobiletest2" time="47.462" classname="com.mobilchrome.MobileChromeTest2"/>
</testsuite> <!-- com.mobilchrome.MobileChromeTest2 -->
