<?xml version="1.0" encoding="UTF-8"?>
<!-- Generated by org.testng.reporters.JUnitReportReporter -->
<testsuite skipped="0" hostname="KeshavPC" name="com.mobilchrome.MobileChromeTest1" tests="1" failures="0" timestamp="04 Feb 2018 18:19:30 GMT" time="32.317" errors="0">
  <testcase name="chrometest1" time="32.317" classname="com.mobilchrome.MobileChromeTest1"/>
</testsuite> <!-- com.mobilchrome.MobileChromeTest1 -->
