<?xml version="1.0" encoding="UTF-8"?>
<!-- Generated by org.testng.reporters.JUnitReportReporter -->
<testsuite skipped="0" hostname="KeshavPC" name="com.mobilchrome.GoogleCaptcha" tests="1" failures="0" timestamp="08 Feb 2018 18:39:59 GMT" time="25.296" errors="0">
  <testcase name="frametestgooglecaptcha" time="25.296" classname="com.mobilchrome.GoogleCaptcha"/>
</testsuite> <!-- com.mobilchrome.GoogleCaptcha -->
