<?xml version="1.0" encoding="UTF-8"?>
<!-- Generated by org.testng.reporters.JUnitReportReporter -->
<testsuite skipped="0" hostname="KeshavPC" name="com.gaanaAppTest.GaanaTest3" tests="1" failures="0" timestamp="03 Feb 2018 19:02:55 GMT" time="91.195" errors="1">
  <testcase name="test3" time="91.195" classname="com.gaanaAppTest.GaanaTest3">
    <error type="org.openqa.selenium.WebDriverException" message="java.net.SocketException: Connection reset
Build info: version: &#039;3.6.0&#039;, revision: &#039;6fbf3ec767&#039;, time: &#039;2017-09-27T15:28:36.4Z&#039;
System info: host: &#039;KESHAVPC&#039;, ip: &#039;192.168.1.7&#039;, os.name: &#039;Windows 10&#039;, os.arch: &#039;amd64&#039;, os.version: &#039;10.0&#039;, java.version: &#039;1.8.0_144&#039;
Driver info: driver.version: AndroidDriver">
      <![CDATA[org.openqa.selenium.WebDriverException: java.net.SocketException: Connection resetBuild info: version: '3.6.0', revision: '6fbf3ec767', time: '2017-09-27T15:28:36.4Z'System info: host: 'KESHAVPC', ip: '192.168.1.7', os.name: 'Windows 10', os.arch: 'amd64', os.version: '10.0', java.version: '1.8.0_144'Driver info: driver.version: AndroidDriverat io.appium.java_client.remote.AppiumCommandExecutor.execute(AppiumCommandExecutor.java:104)at org.openqa.selenium.remote.RemoteWebDriver.execute(RemoteWebDriver.java:601)at io.appium.java_client.DefaultGenericMobileDriver.execute(DefaultGenericMobileDriver.java:42)at io.appium.java_client.AppiumDriver.execute(AppiumDriver.java:1)at io.appium.java_client.android.AndroidDriver.execute(AndroidDriver.java:1)at org.openqa.selenium.remote.RemoteWebDriver.findElement(RemoteWebDriver.java:371)at io.appium.java_client.DefaultGenericMobileDriver.findElement(DefaultGenericMobileDriver.java:62)at io.appium.java_client.AppiumDriver.findElement(AppiumDriver.java:1)at io.appium.java_client.android.AndroidDriver.findElement(AndroidDriver.java:1)at org.openqa.selenium.remote.RemoteWebDriver.findElementByXPath(RemoteWebDriver.java:473)at io.appium.java_client.DefaultGenericMobileDriver.findElementByXPath(DefaultGenericMobileDriver.java:140)at io.appium.java_client.AppiumDriver.findElementByXPath(AppiumDriver.java:1)at io.appium.java_client.android.AndroidDriver.findElementByXPath(AndroidDriver.java:1)at com.gaanaAppTest.GaanaTest3.test3(GaanaTest3.java:32)at sun.reflect.NativeMethodAccessorImpl.invoke0(Native Method)at sun.reflect.NativeMethodAccessorImpl.invoke(NativeMethodAccessorImpl.java:62)at sun.reflect.DelegatingMethodAccessorImpl.invoke(DelegatingMethodAccessorImpl.java:43)at java.lang.reflect.Method.invoke(Method.java:498)at org.testng.internal.MethodInvocationHelper.invokeMethod(MethodInvocationHelper.java:124)at org.testng.internal.Invoker.invokeMethod(Invoker.java:571)at org.testng.internal.Invoker.invokeTestMethod(Invoker.java:707)at org.testng.internal.Invoker.invokeTestMethods(Invoker.java:979)at org.testng.internal.TestMethodWorker.invokeTestMethods(TestMethodWorker.java:125)at org.testng.internal.TestMethodWorker.run(TestMethodWorker.java:109)at org.testng.TestRunner.privateRun(TestRunner.java:648)at org.testng.TestRunner.run(TestRunner.java:505)at org.testng.SuiteRunner.runTest(SuiteRunner.java:455)at org.testng.SuiteRunner.runSequentially(SuiteRunner.java:450)at org.testng.SuiteRunner.privateRun(SuiteRunner.java:415)at org.testng.SuiteRunner.run(SuiteRunner.java:364)at org.testng.SuiteRunnerWorker.runSuite(SuiteRunnerWorker.java:52)at org.testng.SuiteRunnerWorker.run(SuiteRunnerWorker.java:84)at org.testng.TestNG.runSuitesSequentially(TestNG.java:1187)at org.testng.TestNG.runSuitesLocally(TestNG.java:1116)at org.testng.TestNG.runSuites(TestNG.java:1028)at org.testng.TestNG.run(TestNG.java:996)at org.testng.remote.AbstractRemoteTestNG.run(AbstractRemoteTestNG.java:114)at org.testng.remote.RemoteTestNG.initAndRun(RemoteTestNG.java:251)at org.testng.remote.RemoteTestNG.main(RemoteTestNG.java:77)Caused by: java.net.SocketException: Connection resetat java.net.SocketInputStream.read(SocketInputStream.java:210)at java.net.SocketInputStream.read(SocketInputStream.java:141)at org.apache.http.impl.io.SessionInputBufferImpl.streamRead(SessionInputBufferImpl.java:137)at org.apache.http.impl.io.SessionInputBufferImpl.fillBuffer(SessionInputBufferImpl.java:153)at org.apache.http.impl.io.SessionInputBufferImpl.readLine(SessionInputBufferImpl.java:282)at org.apache.http.impl.conn.DefaultHttpResponseParser.parseHead(DefaultHttpResponseParser.java:138)at org.apache.http.impl.conn.DefaultHttpResponseParser.parseHead(DefaultHttpResponseParser.java:56)at org.apache.http.impl.io.AbstractMessageParser.parse(AbstractMessageParser.java:259)at org.apache.http.impl.DefaultBHttpClientConnection.receiveResponseHeader(DefaultBHttpClientConnection.java:163)at org.apache.http.impl.conn.CPoolProxy.receiveResponseHeader(CPoolProxy.java:165)at org.apache.http.protocol.HttpRequestExecutor.doReceiveResponse(HttpRequestExecutor.java:273)at org.apache.http.protocol.HttpRequestExecutor.execute(HttpRequestExecutor.java:125)at org.apache.http.impl.execchain.MainClientExec.execute(MainClientExec.java:272)at org.apache.http.impl.execchain.ProtocolExec.execute(ProtocolExec.java:185)at org.apache.http.impl.execchain.RetryExec.execute(RetryExec.java:89)at org.apache.http.impl.execchain.RedirectExec.execute(RedirectExec.java:111)at org.apache.http.impl.client.InternalHttpClient.doExecute(InternalHttpClient.java:185)at org.apache.http.impl.client.CloseableHttpClient.execute(CloseableHttpClient.java:72)at org.apache.http.impl.client.CloseableHttpClient.execute(CloseableHttpClient.java:56)at org.openqa.selenium.remote.internal.ApacheHttpClient.fallBackExecute(ApacheHttpClient.java:138)at org.openqa.selenium.remote.internal.ApacheHttpClient.execute(ApacheHttpClient.java:86)at org.openqa.selenium.remote.HttpCommandExecutor.execute(HttpCommandExecutor.java:161)at io.appium.java_client.remote.AppiumCommandExecutor.execute(AppiumCommandExecutor.java:89)... 38 more]]>
    </error>
  </testcase> <!-- test3 -->
</testsuite> <!-- com.gaanaAppTest.GaanaTest3 -->
