<?xml version="1.0" encoding="UTF-8"?>
<!-- Generated by org.testng.reporters.JUnitReportReporter -->
<testsuite skipped="0" hostname="KeshavPC" name="com.gaanaAppTest.GaanaTest2" tests="1" failures="0" timestamp="03 Feb 2018 19:09:02 GMT" time="47.676" errors="0">
  <testcase name="test2" time="47.676" classname="com.gaanaAppTest.GaanaTest2"/>
</testsuite> <!-- com.gaanaAppTest.GaanaTest2 -->
