<?xml version="1.0" encoding="UTF-8"?>
<!-- Generated by org.testng.reporters.JUnitReportReporter -->
<testsuite skipped="0" hostname="KeshavPC" name="com.gaanaAppTest.GaanaTest1" tests="1" failures="0" timestamp="03 Feb 2018 19:09:01 GMT" time="40.708" errors="0">
  <testcase name="test1" time="40.708" classname="com.gaanaAppTest.GaanaTest1"/>
</testsuite> <!-- com.gaanaAppTest.GaanaTest1 -->
