<?xml version="1.0" encoding="UTF-8"?>
<!-- Generated by org.testng.reporters.JUnitReportReporter -->
<testsuite skipped="0" hostname="KeshavPC" name="com.newAppiumPractice.Tests.AppiumPractice_Tests" tests="1" failures="0" timestamp="25 Dec 2018 12:24:16 GMT" time="8.424" errors="0">
  <testcase name="test1" time="8.424" classname="com.newAppiumPractice.Tests.AppiumPractice_Tests"/>
</testsuite> <!-- com.newAppiumPractice.Tests.AppiumPractice_Tests -->
