<?xml version="1.0" encoding="UTF-8"?>
<!-- Generated by org.testng.reporters.JUnitReportReporter -->
<testsuite skipped="0" hostname="KeshavPC" name="com.newAppiumPractice.Tests.Tests" tests="1" failures="0" timestamp="25 Dec 2018 09:44:40 GMT" time="0.546" errors="0">
  <testcase name="execute" time="0.546" classname="com.newAppiumPractice.Tests.Tests"/>
</testsuite> <!-- com.newAppiumPractice.Tests.Tests -->
