<?xml version="1.0" encoding="UTF-8"?>
<!-- Generated by org.testng.reporters.JUnitReportReporter -->
<testsuite skipped="0" hostname="KeshavPC" name="com.newAppiumPractice.Tests.AppiumPractice_SecondTest" tests="1" failures="0" timestamp="06 Jan 2019 11:58:48 GMT" time="6.274" errors="0">
  <testcase name="test2" time="6.274" classname="com.newAppiumPractice.Tests.AppiumPractice_SecondTest"/>
</testsuite> <!-- com.newAppiumPractice.Tests.AppiumPractice_SecondTest -->
