<?xml version="1.0" encoding="UTF-8"?>
<!-- Generated by org.testng.reporters.JUnitReportReporter -->
<testsuite skipped="0" hostname="KeshavPC" name="com.newAppiumPractice.Tests.AppiumPractice_ThirdTest" tests="1" failures="0" timestamp="06 Jan 2019 11:58:48 GMT" time="10.842" errors="0">
  <testcase name="test3" time="10.842" classname="com.newAppiumPractice.Tests.AppiumPractice_ThirdTest"/>
</testsuite> <!-- com.newAppiumPractice.Tests.AppiumPractice_ThirdTest -->
