<?xml version="1.0" encoding="UTF-8"?>
<!-- Generated by org.testng.reporters.JUnitReportReporter -->
<testsuite skipped="0" hostname="KeshavPC" name="Runner.Runnerclass" tests="2" failures="0" timestamp="30 Jul 2018 11:53:01 GMT" time="204.546" errors="0">
  <testcase name="feature" time="151.086" classname="Runner.Runnerclass"/>
  <testcase name="feature" time="53.460" classname="Runner.Runnerclass"/>
</testsuite> <!-- Runner.Runnerclass -->
