<?xml version="1.0" encoding="UTF-8"?>
<!-- Generated by org.testng.reporters.JUnitReportReporter -->
<testsuite skipped="0" hostname="KeshavPC" name="com.newAppiumPractice.Tests.AppiumPractice_FourthTest" tests="1" failures="0" timestamp="21 Jan 2019 18:21:28 GMT" time="24.799" errors="0">
  <testcase name="test4" time="24.799" classname="com.newAppiumPractice.Tests.AppiumPractice_FourthTest"/>
</testsuite> <!-- com.newAppiumPractice.Tests.AppiumPractice_FourthTest -->
