<?xml version="1.0" encoding="UTF-8"?>
<!-- Generated by org.testng.reporters.JUnitReportReporter -->
<testsuite skipped="0" hostname="KeshavPC" name="com.newAppiumPractice.Tests.AppiumPractice_FirstTest" tests="1" failures="0" timestamp="21 Jan 2019 18:21:28 GMT" time="8.340" errors="0">
  <testcase name="test1" time="8.340" classname="com.newAppiumPractice.Tests.AppiumPractice_FirstTest"/>
</testsuite> <!-- com.newAppiumPractice.Tests.AppiumPractice_FirstTest -->
